<?xml version="1.0" encoding="UTF-8"?>
<!-- Generated by org.testng.reporters.JUnitXMLReporter -->
<testsuite ignored="1" hostname="Bhushan" failures="2" tests="2" name="Test" time="37.137" errors="0" timestamp="03 Nov 2019 15:48:59 GMT">
  <testcase classname="TestClasses.HomePageTest" name="loggedInUserTest" time="0.273">
    <failure type="java.lang.AssertionError" message="expected [true] but found [false]">
      <![CDATA[java.lang.AssertionError: expected [true] but found [false]
at TestClasses.HomePageTest.loggedInUserTest(HomePageTest.java:41)
... Removed 29 stack frames]]>
    </failure>
  </testcase> <!-- loggedInUserTest -->
  <testcase classname="TestClasses.HomePageTest" name="currentDateTest" time="0.847">
    <failure type="java.lang.AssertionError" message="expected [03/11/2019] but found [3/11/2019]">
      <![CDATA[java.lang.AssertionError: expected [03/11/2019] but found [3/11/2019]
at TestClasses.HomePageTest.currentDateTest(HomePageTest.java:51)
... Removed 31 stack frames]]>
    </failure>
  </testcase> <!-- currentDateTest -->
  <testcase classname="TestClasses.HomePageTest" name="navigationToContactsTest" time="0.0">
    <ignored/>
  </testcase> <!-- navigationToContactsTest -->
</testsuite> <!-- Test -->
